<?xml version="1.0" encoding="UTF-8"?>
<testsuite xmlns:xsi="http://www.w3.org/2001/XMLSchema-instance" xsi:noNamespaceSchemaLocation="https://maven.apache.org/surefire/maven-surefire-plugin/xsd/surefire-test-report-3.0.xsd" version="3.0" name="com.app.restapi.RestApiApplicationTests" time="2.115" tests="1" errors="0" skipped="0" failures="0">
  <properties>
[...]
</properties>
  <testcase name="contextLoads" classname="com.app.restapi.RestApiApplicationTests" time="0.84">
    <system-out><![CDATA[17:56:49.199 [main] INFO org.springframework.test.context.support.AnnotationConfigContextLoaderUtils -- Could not detect default configuration classes for test class [com.app.restapi.RestApiApplicationTests]: RestApiApplicationTests does not declare any static, non-private, non-final, nested classes annotated with @Configuration.
17:56:49.321 [main] INFO org.springframework.boot.test.context.SpringBootTestContextBootstrapper -- Found @SpringBootConfiguration com.app.restapi.RestApiApplication for test class com.app.restapi.RestApiApplicationTests

  .   ____          _            __ _ _
 /\\ / ___'_ __ _ _(_)_ __  __ _ \ \ \ \
( ( )\___ | '_ | '_| | '_ \/ _` | \ \ \ \
 \\/  ___)| |_)| | | | | || (_| |  ) ) ) )
  '  |____| .__|_| |_|_| |_\__, | / / / /
 =========|_|==============|___/=/_/_/_/
 :: Spring Boot ::                (v3.1.3)

2023-09-08T17:56:49.740-04:00  INFO 9669 --- [           main] c.app.restapi.RestApiApplicationTests    : Starting RestApiApplicationTests using Java 18.0.2 with PID 9669 (started by muhammadkhan in /Users/muhammadkhan/Desktop/rest-api/rest-api)
2023-09-08T17:56:49.742-04:00  INFO 9669 --- [           main] c.app.restapi.RestApiApplicationTests    : No active profile set, falling back to 1 default profile: "default"
2023-09-08T17:56:50.225-04:00  INFO 9669 --- [           main] c.app.restapi.RestApiApplicationTests    : Started RestApiApplicationTests in 0.753 seconds (process running for 1.904)
]]></system-out>
  </testcase>
</testsuite>